--------------------[HISTORY]--------------------
HIS: 1, TYPE: addition, RESULT: 718
--------------------[  END  ]--------------------
--------------------[HISTORY]--------------------
HIS: 2, TYPE: addition, RESULT: 1218
--------------------[  END  ]--------------------
--------------------[HISTORY]--------------------
HIS: 3, TYPE: addition, RESULT: 1308
--------------------[  END  ]--------------------
--------------------[HISTORY]--------------------
HIS: 4, TYPE: substraction, RESULT: -89516
--------------------[  END  ]--------------------
--------------------[HISTORY]--------------------
HIS: 5, TYPE: addition, RESULT: 160
--------------------[  END  ]--------------------
--------------------[HISTORY]--------------------
HIS: 5, TYPE: division, RESULT: 106.833
--------------------[  END  ]--------------------
--------------------[HISTORY]--------------------
HIS: 6, TYPE: addition, RESULT: 877
--------------------[  END  ]--------------------
--------------------[HISTORY]--------------------
HIS: 7, TYPE: addition, RESULT: 3562
--------------------[  END  ]--------------------
--------------------[HISTORY]--------------------
HIS: 8, TYPE: addition, RESULT: 0
--------------------[  END  ]--------------------
--------------------[HISTORY]--------------------
HIS: 8, TYPE: addition, RESULT: 2
--------------------[  END  ]--------------------
--------------------[HISTORY]--------------------
HIS: 8, TYPE: addition, RESULT: 7708
--------------------[  END  ]--------------------
--------------------[HISTORY]--------------------
HIS: 9, TYPE: addition, RESULT: 193728
--------------------[  END  ]--------------------
--------------------[HISTORY]--------------------
HIS: 9, TYPE: addition, RESULT: 127438
--------------------[  END  ]--------------------
